<?xml version="1.0" encoding="UTF-8"?>
<!-- Generated by org.testng.reporters.JUnitXMLReporter -->
<testsuite hostname="SAG-6WT5QV2" name="Assurity Test Cases" tests="6" failures="0" timestamp="23 Nov 2019 11:58:07 GMT" time="10.338" errors="0">
  <testcase name="validateName" time="4.539" classname="com.qa.testCases.AcceptanceTest"/>
  <testcase name="validateName" time="4.539" classname="com.qa.testCases.AcceptanceTest"/>
  <testcase name="validateCanRelist" time="2.227" classname="com.qa.testCases.AcceptanceTest"/>
  <testcase name="validateCanRelist" time="2.227" classname="com.qa.testCases.AcceptanceTest"/>
  <testcase name="validatePromotions" time="2.775" classname="com.qa.testCases.AcceptanceTest"/>
  <testcase name="validatePromotions" time="2.775" classname="com.qa.testCases.AcceptanceTest"/>
</testsuite> <!-- Assurity Test Cases -->
