<?xml version="1.0" encoding="UTF-8"?>
<!-- Generated by org.testng.reporters.JUnitXMLReporter -->
<testsuite hostname="SAG-6WT5QV2" ignored="0" name="Assurity Test Cases" tests="3" failures="0" timestamp="23 Nov 2019 12:01:20 GMT" time="11.779" errors="0">
  <testcase name="validateName" time="5.575" classname="com.qa.testCases.AcceptanceTest"/>
  <testcase name="validateCanRelist" time="2.609" classname="com.qa.testCases.AcceptanceTest"/>
  <testcase name="validatePromotions" time="2.807" classname="com.qa.testCases.AcceptanceTest"/>
</testsuite> <!-- Assurity Test Cases -->
