<?xml version="1.0" encoding="UTF-8"?>
<testng-results skipped="0" failed="0" ignored="0" total="3" passed="3">
  <reporter-output>
  </reporter-output>
  <suite name="Assurity Test Automation Test Suite" duration-ms="11779" started-at="2019-11-23T12:01:08Z" finished-at="2019-11-23T12:01:20Z">
    <groups>
    </groups>
    <test name="Assurity Test Cases" duration-ms="11779" started-at="2019-11-23T12:01:08Z" finished-at="2019-11-23T12:01:20Z">
      <class name="com.qa.testCases.AcceptanceTest">
        <test-method status="PASS" signature="setUp()[pri:0, instance:com.qa.testCases.AcceptanceTest@69d9c55]" name="setUp" is-config="true" duration-ms="64" started-at="2019-11-23T12:01:08Z" finished-at="2019-11-23T12:01:08Z">
          <reporter-output>
          </reporter-output>
        </test-method> <!-- setUp -->
        <test-method status="PASS" signature="validateName(java.lang.String, java.lang.String, java.lang.String, java.lang.String, java.lang.String, java.lang.String)[pri:1, instance:com.qa.testCases.AcceptanceTest@69d9c55]" name="validateName" duration-ms="5575" started-at="2019-11-23T12:01:08Z" data-provider="AcceptanceTestDataPro" finished-at="2019-11-23T12:01:14Z">
          <params>
            <param index="0">
              <value>
                <![CDATA[https://api.tmsandbox.co.nz/v1/Categories/6327/Details.json?catalogue=false]]>
              </value>
            </param>
            <param index="1">
              <value>
                <![CDATA[Name]]>
              </value>
            </param>
            <param index="2">
              <value>
                <![CDATA[Carbon credits]]>
              </value>
            </param>
            <param index="3">
              <value>
                <![CDATA[CanRelist]]>
              </value>
            </param>
            <param index="4">
              <value>
                <![CDATA[true]]>
              </value>
            </param>
            <param index="5">
              <value>
                <![CDATA[2x larger image]]>
              </value>
            </param>
          </params>
          <reporter-output>
          </reporter-output>
        </test-method> <!-- validateName -->
        <test-method status="PASS" signature="setUp()[pri:0, instance:com.qa.testCases.AcceptanceTest@69d9c55]" name="setUp" is-config="true" duration-ms="2" started-at="2019-11-23T12:01:14Z" finished-at="2019-11-23T12:01:14Z">
          <reporter-output>
          </reporter-output>
        </test-method> <!-- setUp -->
        <test-method status="PASS" signature="validateCanRelist(java.lang.String, java.lang.String, java.lang.String, java.lang.String, java.lang.String, java.lang.String)[pri:2, instance:com.qa.testCases.AcceptanceTest@69d9c55]" name="validateCanRelist" duration-ms="2609" started-at="2019-11-23T12:01:14Z" data-provider="AcceptanceTestDataPro" finished-at="2019-11-23T12:01:17Z">
          <params>
            <param index="0">
              <value>
                <![CDATA[https://api.tmsandbox.co.nz/v1/Categories/6327/Details.json?catalogue=false]]>
              </value>
            </param>
            <param index="1">
              <value>
                <![CDATA[Name]]>
              </value>
            </param>
            <param index="2">
              <value>
                <![CDATA[Carbon credits]]>
              </value>
            </param>
            <param index="3">
              <value>
                <![CDATA[CanRelist]]>
              </value>
            </param>
            <param index="4">
              <value>
                <![CDATA[true]]>
              </value>
            </param>
            <param index="5">
              <value>
                <![CDATA[2x larger image]]>
              </value>
            </param>
          </params>
          <reporter-output>
          </reporter-output>
        </test-method> <!-- validateCanRelist -->
        <test-method status="PASS" signature="setUp()[pri:0, instance:com.qa.testCases.AcceptanceTest@69d9c55]" name="setUp" is-config="true" duration-ms="0" started-at="2019-11-23T12:01:17Z" finished-at="2019-11-23T12:01:17Z">
          <reporter-output>
          </reporter-output>
        </test-method> <!-- setUp -->
        <test-method status="PASS" signature="validatePromotions(java.lang.String, java.lang.String, java.lang.String, java.lang.String, java.lang.String, java.lang.String)[pri:3, instance:com.qa.testCases.AcceptanceTest@69d9c55]" name="validatePromotions" duration-ms="2807" started-at="2019-11-23T12:01:17Z" data-provider="AcceptanceTestDataPro" finished-at="2019-11-23T12:01:20Z">
          <params>
            <param index="0">
              <value>
                <![CDATA[https://api.tmsandbox.co.nz/v1/Categories/6327/Details.json?catalogue=false]]>
              </value>
            </param>
            <param index="1">
              <value>
                <![CDATA[Name]]>
              </value>
            </param>
            <param index="2">
              <value>
                <![CDATA[Carbon credits]]>
              </value>
            </param>
            <param index="3">
              <value>
                <![CDATA[CanRelist]]>
              </value>
            </param>
            <param index="4">
              <value>
                <![CDATA[true]]>
              </value>
            </param>
            <param index="5">
              <value>
                <![CDATA[2x larger image]]>
              </value>
            </param>
          </params>
          <reporter-output>
          </reporter-output>
        </test-method> <!-- validatePromotions -->
      </class> <!-- com.qa.testCases.AcceptanceTest -->
    </test> <!-- Assurity Test Cases -->
  </suite> <!-- Assurity Test Automation Test Suite -->
</testng-results>
